2200 : 2025-05-23 01:24:43,193 : INFO : telemetry.main : Attempt start. Configuration directory [/home/rakhel/.azure]. Cache directory [/home/rakhel/.azure/telemetry/20250523012443083].
2200 : 2025-05-23 01:24:43,193 : INFO : telemetry.records : 1 cache files to upload.
2200 : 2025-05-23 01:24:43,193 : INFO : telemetry.records : Processed file /home/rakhel/.azure/telemetry/20250523012443083/cache into 1 records.
2200 : 2025-05-23 01:24:43,194 : INFO : telemetry.records : Remove directory /home/rakhel/.azure/telemetry/20250523012443083
2200 : 2025-05-23 01:24:43,194 : INFO : telemetry.client : Accumulated 1 events. Flush the clients.
2200 : 2025-05-23 01:24:43,194 : INFO : telemetry.client : Flush client c4395b75-49cc-422c-bc95-c7d51aef5d46.
2231 : 2025-05-23 01:24:44,783 : INFO : telemetry.main : Attempt start. Configuration directory [/home/rakhel/.azure]. Cache directory [/home/rakhel/.azure/telemetry/20250523012444681].
2231 : 2025-05-23 01:24:44,784 : INFO : telemetry.records : 1 cache files to upload.
2231 : 2025-05-23 01:24:44,784 : INFO : telemetry.records : Processed file /home/rakhel/.azure/telemetry/20250523012444681/cache into 1 records.
2231 : 2025-05-23 01:24:44,784 : INFO : telemetry.records : Remove directory /home/rakhel/.azure/telemetry/20250523012444681
2231 : 2025-05-23 01:24:44,784 : INFO : telemetry.client : Accumulated 1 events. Flush the clients.
2231 : 2025-05-23 01:24:44,784 : INFO : telemetry.client : Flush client c4395b75-49cc-422c-bc95-c7d51aef5d46.
2231 : 2025-05-23 01:24:45,383 : INFO : telemetry.sender : Sending 4315 bytes
2231 : 2025-05-23 01:24:45,384 : INFO : telemetry.sender : Finish uploading in 0.598899 seconds.
2241 : 2025-05-23 01:24:45,523 : INFO : telemetry.main : Attempt start. Configuration directory [/home/rakhel/.azure]. Cache directory [/home/rakhel/.azure/telemetry/20250523012445406].
2241 : 2025-05-23 01:24:45,523 : INFO : telemetry.records : 1 cache files to upload.
2241 : 2025-05-23 01:24:45,523 : INFO : telemetry.records : Processed file /home/rakhel/.azure/telemetry/20250523012445406/cache into 1 records.
2241 : 2025-05-23 01:24:45,523 : INFO : telemetry.records : Remove directory /home/rakhel/.azure/telemetry/20250523012445406
2241 : 2025-05-23 01:24:45,524 : INFO : telemetry.client : Accumulated 1 events. Flush the clients.
2241 : 2025-05-23 01:24:45,524 : INFO : telemetry.client : Flush client c4395b75-49cc-422c-bc95-c7d51aef5d46.
2241 : 2025-05-23 01:24:46,144 : INFO : telemetry.sender : Sending 4397 bytes
2241 : 2025-05-23 01:24:46,144 : INFO : telemetry.sender : Finish uploading in 0.620210 seconds.
2256 : 2025-05-23 01:24:46,378 : INFO : telemetry.main : Attempt start. Configuration directory [/home/rakhel/.azure]. Cache directory [/home/rakhel/.azure/telemetry/20250523012446290].
2256 : 2025-05-23 01:24:46,379 : INFO : telemetry.records : 1 cache files to upload.
2256 : 2025-05-23 01:24:46,379 : INFO : telemetry.records : Processed file /home/rakhel/.azure/telemetry/20250523012446290/cache into 1 records.
2256 : 2025-05-23 01:24:46,379 : INFO : telemetry.records : Remove directory /home/rakhel/.azure/telemetry/20250523012446290
2256 : 2025-05-23 01:24:46,379 : INFO : telemetry.client : Accumulated 1 events. Flush the clients.
2256 : 2025-05-23 01:24:46,379 : INFO : telemetry.client : Flush client c4395b75-49cc-422c-bc95-c7d51aef5d46.
2256 : 2025-05-23 01:24:46,984 : INFO : telemetry.sender : Sending 4429 bytes
2256 : 2025-05-23 01:24:46,984 : INFO : telemetry.sender : Finish uploading in 0.604014 seconds.
2200 : 2025-05-23 01:24:53,249 : ERROR : telemetry.sender : Upload failed. OSError: <urlopen error timed out>
2200 : 2025-05-23 01:24:53,250 : INFO : telemetry.sender : Finish uploading in 10.055114 seconds.
